Started at Mon Sep 09 06:52:01 UTC 2024
Processing DOCKER_TEST
Offering DOCKER_TEST to Project Build Discarder
Processing PIPELINE_DEMO
Offering PIPELINE_DEMO to Project Build Discarder
Finished at Mon Sep 09 06:52:02 UTC 2024. 427ms
Started at Mon Sep 09 07:52:01 UTC 2024
Processing DOCKER_TEST
Offering DOCKER_TEST to Project Build Discarder
Processing PIPELINE_DEMO
Offering PIPELINE_DEMO to Project Build Discarder
Finished at Mon Sep 09 07:52:01 UTC 2024. 42ms
Started at Mon Sep 09 08:52:01 UTC 2024
Processing DOCKER_TEST
Offering DOCKER_TEST to Project Build Discarder
Processing PIPELINE_DEMO
Offering PIPELINE_DEMO to Project Build Discarder
Finished at Mon Sep 09 08:52:01 UTC 2024. 31ms
Started at Mon Sep 09 09:52:00 UTC 2024
Processing DOCKER_TEST
Offering DOCKER_TEST to Project Build Discarder
Processing PIPELINE_DEMO
Offering PIPELINE_DEMO to Project Build Discarder
Finished at Mon Sep 09 09:52:00 UTC 2024. 31ms
Started at Mon Sep 09 10:52:00 UTC 2024
Processing DOCKER_TEST
Offering DOCKER_TEST to Project Build Discarder
Processing PIPELINE_DEMO
Offering PIPELINE_DEMO to Project Build Discarder
Finished at Mon Sep 09 10:52:00 UTC 2024. 22ms
Started at Mon Sep 09 11:52:00 UTC 2024
Processing DOCKER_TEST
Offering DOCKER_TEST to Project Build Discarder
Processing PIPELINE_DEMO
Offering PIPELINE_DEMO to Project Build Discarder
Finished at Mon Sep 09 11:52:00 UTC 2024. 155ms
Started at Mon Sep 09 12:52:00 UTC 2024
Processing DOCKER_TEST
Offering DOCKER_TEST to Project Build Discarder
Processing PIPELINE_DEMO
Offering PIPELINE_DEMO to Project Build Discarder
Finished at Mon Sep 09 12:52:00 UTC 2024. 121ms
